This file contains any messages produced by compilers while
running configure, to aid debugging if configure makes a mistake.

It was created by libcnavi configure 6.0, which was
generated by GNU Autoconf 2.63.  Invocation command line was

  $ ./configure 

## --------- ##
## Platform. ##
## --------- ##

hostname = 10.10.69.212
uname -m = x86_64
uname -r = 2.6.32-220.el6.x86_64
uname -s = Linux
uname -v = #1 SMP Tue Dec 6 19:48:22 GMT 2011

/usr/bin/uname -p = unknown
/bin/uname -X     = unknown

/bin/arch              = x86_64
/usr/bin/arch -k       = unknown
/usr/convex/getsysinfo = unknown
/usr/bin/hostinfo      = unknown
/bin/machine           = unknown
/usr/bin/oslevel       = unknown
/bin/universe          = unknown

PATH: /usr/local/bin
PATH: /bin
PATH: /usr/bin
PATH: /usr/local/sbin
PATH: /usr/sbin
PATH: /sbin
PATH: /opt/lilei/bin
PATH: /opt/lilei/3rdpart/depot_tools/trunk
PATH: .


## ----------- ##
## Core tests. ##
## ----------- ##

configure:2097: checking for a BSD-compatible install
configure:2165: result: /usr/bin/install -c
configure:2176: checking whether build environment is sane
configure:2236: result: yes
configure:2377: checking for a thread-safe mkdir -p
configure:2416: result: /bin/mkdir -p
configure:2429: checking for gawk
configure:2445: found /bin/gawk
configure:2456: result: gawk
configure:2467: checking whether make sets $(MAKE)
configure:2489: result: yes
configure:2671: checking for gcc
configure:2687: found /usr/bin/gcc
configure:2698: result: gcc
configure:2930: checking for C compiler version
configure:2938: gcc --version >&5
gcc (GCC) 4.4.7 20120313 (Red Hat 4.4.7-11)
Copyright (C) 2010 Free Software Foundation, Inc.
This is free software; see the source for copying conditions.  There is NO
warranty; not even for MERCHANTABILITY or FITNESS FOR A PARTICULAR PURPOSE.

configure:2942: $? = 0
configure:2949: gcc -v >&5
Using built-in specs.
Target: x86_64-redhat-linux
Configured with: ../configure --prefix=/usr --mandir=/usr/share/man --infodir=/usr/share/info --with-bugurl=http://bugzilla.redhat.com/bugzilla --enable-bootstrap --enable-shared --enable-threads=posix --enable-checking=release --with-system-zlib --enable-__cxa_atexit --disable-libunwind-exceptions --enable-gnu-unique-object --enable-languages=c,c++,objc,obj-c++,java,fortran,ada --enable-java-awt=gtk --disable-dssi --with-java-home=/usr/lib/jvm/java-1.5.0-gcj-1.5.0.0/jre --enable-libgcj-multifile --enable-java-maintainer-mode --with-ecj-jar=/usr/share/java/eclipse-ecj.jar --disable-libjava-multilib --with-ppl --with-cloog --with-tune=generic --with-arch_32=i686 --build=x86_64-redhat-linux
Thread model: posix
gcc version 4.4.7 20120313 (Red Hat 4.4.7-11) (GCC) 
configure:2953: $? = 0
configure:2960: gcc -V >&5
gcc: '-V' option must have argument
configure:2964: $? = 1
configure:2987: checking for C compiler default output file name
configure:3009: gcc -g -O2   conftest.c  >&5
configure:3013: $? = 0
configure:3051: result: a.out
configure:3070: checking whether the C compiler works
configure:3080: ./a.out
configure:3084: $? = 0
configure:3103: result: yes
configure:3110: checking whether we are cross compiling
configure:3112: result: no
configure:3115: checking for suffix of executables
configure:3122: gcc -o conftest -g -O2   conftest.c  >&5
configure:3126: $? = 0
configure:3152: result: 
configure:3158: checking for suffix of object files
configure:3184: gcc -c -g -O2  conftest.c >&5
configure:3188: $? = 0
configure:3213: result: o
configure:3217: checking whether we are using the GNU C compiler
configure:3246: gcc -c -g -O2  conftest.c >&5
configure:3253: $? = 0
configure:3270: result: yes
configure:3279: checking whether gcc accepts -g
configure:3309: gcc -c -g  conftest.c >&5
configure:3316: $? = 0
configure:3417: result: yes
configure:3434: checking for gcc option to accept ISO C89
configure:3508: gcc  -c -g -O2  conftest.c >&5
configure:3515: $? = 0
configure:3538: result: none needed
configure:3567: checking for style of include used by make
configure:3595: result: GNU
configure:3620: checking dependency style of gcc
configure:3730: result: gcc3
configure:3746: checking whether gcc and cc understand -c and -o together
configure:3781: gcc -c conftest.c -o conftest2.o >&5
configure:3785: $? = 0
configure:3791: gcc -c conftest.c -o conftest2.o >&5
configure:3795: $? = 0
configure:3806: cc -c conftest.c >&5
configure:3810: $? = 0
configure:3818: cc -c conftest.c -o conftest2.o >&5
configure:3822: $? = 0
configure:3828: cc -c conftest.c -o conftest2.o >&5
configure:3832: $? = 0
configure:3850: result: yes
configure:3908: checking build system type
configure:3926: result: x86_64-unknown-linux-gnu
configure:3948: checking host system type
configure:3963: result: x86_64-unknown-linux-gnu
configure:3985: checking for a sed that does not truncate output
configure:4051: result: /bin/sed
configure:4069: checking for grep that handles long lines and -e
configure:4129: result: /bin/grep
configure:4134: checking for egrep
configure:4198: result: /bin/grep -E
configure:4203: checking for fgrep
configure:4267: result: /bin/grep -F
configure:4302: checking for ld used by gcc
configure:4369: result: /usr/bin/ld
configure:4378: checking if the linker (/usr/bin/ld) is GNU ld
configure:4393: result: yes
configure:4405: checking for BSD- or MS-compatible name lister (nm)
configure:4454: result: /usr/bin/nm -B
configure:4572: checking the name lister (/usr/bin/nm -B) interface
configure:4579: gcc -c -g -O2  conftest.c >&5
configure:4582: /usr/bin/nm -B "conftest.o"
configure:4585: output
0000000000000000 B some_variable
configure:4592: result: BSD nm
configure:4595: checking whether ln -s works
configure:4599: result: yes
configure:4607: checking the maximum length of command line arguments
configure:4727: result: 1966080
configure:4744: checking whether the shell understands some XSI constructs
configure:4754: result: yes
configure:4758: checking whether the shell understands "+="
configure:4764: result: yes
configure:4799: checking for /usr/bin/ld option to reload object files
configure:4806: result: -r
configure:4875: checking for objdump
configure:4891: found /usr/bin/objdump
configure:4902: result: objdump
configure:4934: checking how to recognize dependent libraries
configure:5130: result: pass_all
configure:5190: checking for ar
configure:5206: found /usr/bin/ar
configure:5217: result: ar
configure:5295: checking for strip
configure:5311: found /usr/bin/strip
configure:5322: result: strip
configure:5394: checking for ranlib
configure:5410: found /usr/bin/ranlib
configure:5421: result: ranlib
configure:5511: checking command to parse /usr/bin/nm -B output from gcc object
configure:5629: gcc -c -g -O2  conftest.c >&5
configure:5632: $? = 0
configure:5636: /usr/bin/nm -B conftest.o \| sed -n -e 's/^.*[	 ]\([ABCDGIRSTW][ABCDGIRSTW]*\)[	 ][	 ]*\([_A-Za-z][_A-Za-z0-9]*\)$/\1 \2 \2/p' \> conftest.nm
configure:5639: $? = 0
configure:5693: gcc -o conftest -g -O2   conftest.c conftstm.o >&5
configure:5696: $? = 0
configure:5734: result: ok
configure:5830: gcc -c -g -O2  conftest.c >&5
configure:5833: $? = 0
configure:6601: checking how to run the C preprocessor
configure:6641: gcc -E  conftest.c
configure:6648: $? = 0
configure:6679: gcc -E  conftest.c
conftest.c:10:28: error: ac_nonexistent.h: No such file or directory
configure:6686: $? = 1
configure: failed program was:
| /* confdefs.h.  */
| #define PACKAGE_NAME "libcnavi"
| #define PACKAGE_TARNAME "libcnavi"
| #define PACKAGE_VERSION "6.0"
| #define PACKAGE_STRING "libcnavi 6.0"
| #define PACKAGE_BUGREPORT "zhangyufeng@youku.com,pengjinzhen@youku.com,lilei@youku.com"
| #define PACKAGE "libcnavi"
| #define VERSION "6.0"
| /* end confdefs.h.  */
| #include <ac_nonexistent.h>
configure:6719: result: gcc -E
configure:6748: gcc -E  conftest.c
configure:6755: $? = 0
configure:6786: gcc -E  conftest.c
conftest.c:10:28: error: ac_nonexistent.h: No such file or directory
configure:6793: $? = 1
configure: failed program was:
| /* confdefs.h.  */
| #define PACKAGE_NAME "libcnavi"
| #define PACKAGE_TARNAME "libcnavi"
| #define PACKAGE_VERSION "6.0"
| #define PACKAGE_STRING "libcnavi 6.0"
| #define PACKAGE_BUGREPORT "zhangyufeng@youku.com,pengjinzhen@youku.com,lilei@youku.com"
| #define PACKAGE "libcnavi"
| #define VERSION "6.0"
| /* end confdefs.h.  */
| #include <ac_nonexistent.h>
configure:6833: checking for ANSI C header files
configure:6863: gcc -c -g -O2  conftest.c >&5
configure:6870: $? = 0
configure:6969: gcc -o conftest -g -O2   conftest.c  >&5
configure:6973: $? = 0
configure:6979: ./conftest
configure:6983: $? = 0
configure:7001: result: yes
configure:7025: checking for sys/types.h
configure:7046: gcc -c -g -O2  conftest.c >&5
configure:7053: $? = 0
configure:7070: result: yes
configure:7025: checking for sys/stat.h
configure:7046: gcc -c -g -O2  conftest.c >&5
configure:7053: $? = 0
configure:7070: result: yes
configure:7025: checking for stdlib.h
configure:7046: gcc -c -g -O2  conftest.c >&5
configure:7053: $? = 0
configure:7070: result: yes
configure:7025: checking for string.h
configure:7046: gcc -c -g -O2  conftest.c >&5
configure:7053: $? = 0
configure:7070: result: yes
configure:7025: checking for memory.h
configure:7046: gcc -c -g -O2  conftest.c >&5
configure:7053: $? = 0
configure:7070: result: yes
configure:7025: checking for strings.h
configure:7046: gcc -c -g -O2  conftest.c >&5
configure:7053: $? = 0
configure:7070: result: yes
configure:7025: checking for inttypes.h
configure:7046: gcc -c -g -O2  conftest.c >&5
configure:7053: $? = 0
configure:7070: result: yes
configure:7025: checking for stdint.h
configure:7046: gcc -c -g -O2  conftest.c >&5
configure:7053: $? = 0
configure:7070: result: yes
configure:7025: checking for unistd.h
configure:7046: gcc -c -g -O2  conftest.c >&5
configure:7053: $? = 0
configure:7070: result: yes
configure:7088: checking for dlfcn.h
configure:7109: gcc -c -g -O2  conftest.c >&5
configure:7116: $? = 0
configure:7133: result: yes
configure:7319: checking for objdir
configure:7334: result: .libs
configure:7630: checking if gcc supports -fno-rtti -fno-exceptions
configure:7648: gcc -c -g -O2  -fno-rtti -fno-exceptions conftest.c >&5
cc1: warning: command line option "-fno-rtti" is valid for C++/ObjC++ but not for C
configure:7652: $? = 0
configure:7665: result: no
configure:7685: checking for gcc option to produce PIC
configure:7957: result: -fPIC -DPIC
configure:7969: checking if gcc PIC flag -fPIC -DPIC works
configure:7987: gcc -c -g -O2  -fPIC -DPIC -DPIC conftest.c >&5
configure:7991: $? = 0
configure:8004: result: yes
configure:8028: checking if gcc static flag -static works
configure:8056: result: no
configure:8071: checking if gcc supports -c -o file.o
configure:8092: gcc -c -g -O2  -o out/conftest2.o conftest.c >&5
configure:8096: $? = 0
configure:8118: result: yes
configure:8126: checking if gcc supports -c -o file.o
configure:8173: result: yes
configure:8206: checking whether the gcc linker (/usr/bin/ld -m elf_x86_64) supports shared libraries
configure:9280: result: yes
configure:9317: checking whether -lc should be explicitly linked in
configure:9322: gcc -c -g -O2  conftest.c >&5
configure:9325: $? = 0
configure:9340: gcc -shared conftest.o  -v -Wl,-soname -Wl,conftest -o conftest 2\>\&1 \| /bin/grep  -lc  \>/dev/null 2\>\&1
configure:9343: $? = 0
configure:9355: result: no
configure:9519: checking dynamic linker characteristics
configure:9962: gcc -o conftest -g -O2   -Wl,-rpath -Wl,/foo conftest.c  >&5
configure:9969: $? = 0
configure:10205: result: GNU/Linux ld.so
configure:10307: checking how to hardcode library paths into programs
configure:10332: result: immediate
configure:11165: checking whether stripping libraries is possible
configure:11170: result: yes
configure:11205: checking if libtool supports shared libraries
configure:11207: result: yes
configure:11210: checking whether to build shared libraries
configure:11231: result: yes
configure:11234: checking whether to build static libraries
configure:11238: result: yes
configure:11324: checking for pkg-config
configure:11342: found /usr/bin/pkg-config
configure:11354: result: /usr/bin/pkg-config
configure:11379: checking pkg-config is at least version 0.9.0
configure:11382: result: yes
configure:11393: checking for jansson
configure:11400: $PKG_CONFIG --exists --print-errors "jansson >= 2.6"
configure:11403: $? = 0
configure:11416: $PKG_CONFIG --exists --print-errors "jansson >= 2.6"
configure:11419: $? = 0
configure:11496: result: yes
configure:11502: checking for libcurl
configure:11509: $PKG_CONFIG --exists --print-errors "libcurl >= 7.27.0"
configure:11512: $? = 0
configure:11525: $PKG_CONFIG --exists --print-errors "libcurl >= 7.27.0"
configure:11528: $? = 0
configure:11605: result: yes
configure:11619: checking for dirent.h that defines DIR
configure:11648: gcc -c -g -O2  conftest.c >&5
configure:11655: $? = 0
configure:11672: result: yes
configure:11687: checking for library containing opendir
configure:11728: gcc -o conftest -g -O2   conftest.c  >&5
configure:11735: $? = 0
configure:11766: result: none required
configure:11864: checking for ANSI C header files
configure:12032: result: yes
configure:12064: checking fcntl.h usability
configure:12081: gcc -c -g -O2  conftest.c >&5
configure:12088: $? = 0
configure:12102: result: yes
configure:12106: checking fcntl.h presence
configure:12121: gcc -E  conftest.c
configure:12128: $? = 0
configure:12142: result: yes
configure:12175: checking for fcntl.h
configure:12184: result: yes
configure:12053: checking for stdint.h
configure:12060: result: yes
configure:12053: checking for stdlib.h
configure:12060: result: yes
configure:12053: checking for string.h
configure:12060: result: yes
configure:12064: checking sys/time.h usability
configure:12081: gcc -c -g -O2  conftest.c >&5
configure:12088: $? = 0
configure:12102: result: yes
configure:12106: checking sys/time.h presence
configure:12121: gcc -E  conftest.c
configure:12128: $? = 0
configure:12142: result: yes
configure:12175: checking for sys/time.h
configure:12184: result: yes
configure:12064: checking syslog.h usability
configure:12081: gcc -c -g -O2  conftest.c >&5
configure:12088: $? = 0
configure:12102: result: yes
configure:12106: checking syslog.h presence
configure:12121: gcc -E  conftest.c
configure:12128: $? = 0
configure:12142: result: yes
configure:12175: checking for syslog.h
configure:12184: result: yes
configure:12053: checking for unistd.h
configure:12060: result: yes
configure:12201: checking for stdbool.h that conforms to C99
configure:12296: gcc -c -g -O2  conftest.c >&5
configure:12303: $? = 0
configure:12318: result: yes
configure:12320: checking for _Bool
configure:12348: gcc -c -g -O2  conftest.c >&5
configure:12355: $? = 0
configure:12382: gcc -c -g -O2  conftest.c >&5
conftest.c: In function 'main':
conftest.c:67: error: expected expression before ')' token
configure:12389: $? = 1
configure: failed program was:
| /* confdefs.h.  */
| #define PACKAGE_NAME "libcnavi"
| #define PACKAGE_TARNAME "libcnavi"
| #define PACKAGE_VERSION "6.0"
| #define PACKAGE_STRING "libcnavi 6.0"
| #define PACKAGE_BUGREPORT "zhangyufeng@youku.com,pengjinzhen@youku.com,lilei@youku.com"
| #define PACKAGE "libcnavi"
| #define VERSION "6.0"
| #define STDC_HEADERS 1
| #define HAVE_SYS_TYPES_H 1
| #define HAVE_SYS_STAT_H 1
| #define HAVE_STDLIB_H 1
| #define HAVE_STRING_H 1
| #define HAVE_MEMORY_H 1
| #define HAVE_STRINGS_H 1
| #define HAVE_INTTYPES_H 1
| #define HAVE_STDINT_H 1
| #define HAVE_UNISTD_H 1
| #define HAVE_DLFCN_H 1
| #define LT_OBJDIR ".libs/"
| #define HAVE_DIRENT_H 1
| #define STDC_HEADERS 1
| #define HAVE_FCNTL_H 1
| #define HAVE_STDINT_H 1
| #define HAVE_STDLIB_H 1
| #define HAVE_STRING_H 1
| #define HAVE_SYS_TIME_H 1
| #define HAVE_SYSLOG_H 1
| #define HAVE_UNISTD_H 1
| /* end confdefs.h.  */
| #include <stdio.h>
| #ifdef HAVE_SYS_TYPES_H
| # include <sys/types.h>
| #endif
| #ifdef HAVE_SYS_STAT_H
| # include <sys/stat.h>
| #endif
| #ifdef STDC_HEADERS
| # include <stdlib.h>
| # include <stddef.h>
| #else
| # ifdef HAVE_STDLIB_H
| #  include <stdlib.h>
| # endif
| #endif
| #ifdef HAVE_STRING_H
| # if !defined STDC_HEADERS && defined HAVE_MEMORY_H
| #  include <memory.h>
| # endif
| # include <string.h>
| #endif
| #ifdef HAVE_STRINGS_H
| # include <strings.h>
| #endif
| #ifdef HAVE_INTTYPES_H
| # include <inttypes.h>
| #endif
| #ifdef HAVE_STDINT_H
| # include <stdint.h>
| #endif
| #ifdef HAVE_UNISTD_H
| # include <unistd.h>
| #endif
| int
| main ()
| {
| if (sizeof ((_Bool)))
| 	  return 0;
|   ;
|   return 0;
| }
configure:12412: result: yes
configure:12431: checking for an ANSI C-conforming const
configure:12506: gcc -c -g -O2  conftest.c >&5
configure:12513: $? = 0
configure:12528: result: yes
configure:12538: checking for inline
configure:12564: gcc -c -g -O2  conftest.c >&5
configure:12571: $? = 0
configure:12589: result: inline
configure:12608: checking for size_t
configure:12636: gcc -c -g -O2  conftest.c >&5
configure:12643: $? = 0
configure:12670: gcc -c -g -O2  conftest.c >&5
conftest.c: In function 'main':
conftest.c:69: error: expected expression before ')' token
configure:12677: $? = 1
configure: failed program was:
| /* confdefs.h.  */
| #define PACKAGE_NAME "libcnavi"
| #define PACKAGE_TARNAME "libcnavi"
| #define PACKAGE_VERSION "6.0"
| #define PACKAGE_STRING "libcnavi 6.0"
| #define PACKAGE_BUGREPORT "zhangyufeng@youku.com,pengjinzhen@youku.com,lilei@youku.com"
| #define PACKAGE "libcnavi"
| #define VERSION "6.0"
| #define STDC_HEADERS 1
| #define HAVE_SYS_TYPES_H 1
| #define HAVE_SYS_STAT_H 1
| #define HAVE_STDLIB_H 1
| #define HAVE_STRING_H 1
| #define HAVE_MEMORY_H 1
| #define HAVE_STRINGS_H 1
| #define HAVE_INTTYPES_H 1
| #define HAVE_STDINT_H 1
| #define HAVE_UNISTD_H 1
| #define HAVE_DLFCN_H 1
| #define LT_OBJDIR ".libs/"
| #define HAVE_DIRENT_H 1
| #define STDC_HEADERS 1
| #define HAVE_FCNTL_H 1
| #define HAVE_STDINT_H 1
| #define HAVE_STDLIB_H 1
| #define HAVE_STRING_H 1
| #define HAVE_SYS_TIME_H 1
| #define HAVE_SYSLOG_H 1
| #define HAVE_UNISTD_H 1
| #define HAVE__BOOL 1
| #define HAVE_STDBOOL_H 1
| /* end confdefs.h.  */
| #include <stdio.h>
| #ifdef HAVE_SYS_TYPES_H
| # include <sys/types.h>
| #endif
| #ifdef HAVE_SYS_STAT_H
| # include <sys/stat.h>
| #endif
| #ifdef STDC_HEADERS
| # include <stdlib.h>
| # include <stddef.h>
| #else
| # ifdef HAVE_STDLIB_H
| #  include <stdlib.h>
| # endif
| #endif
| #ifdef HAVE_STRING_H
| # if !defined STDC_HEADERS && defined HAVE_MEMORY_H
| #  include <memory.h>
| # endif
| # include <string.h>
| #endif
| #ifdef HAVE_STRINGS_H
| # include <strings.h>
| #endif
| #ifdef HAVE_INTTYPES_H
| # include <inttypes.h>
| #endif
| #ifdef HAVE_STDINT_H
| # include <stdint.h>
| #endif
| #ifdef HAVE_UNISTD_H
| # include <unistd.h>
| #endif
| int
| main ()
| {
| if (sizeof ((size_t)))
| 	  return 0;
|   ;
|   return 0;
| }
configure:12700: result: yes
configure:12712: checking whether time.h and sys/time.h may both be included
configure:12742: gcc -c -g -O2  conftest.c >&5
configure:12749: $? = 0
configure:12764: result: yes
configure:12776: checking whether closedir returns void
configure:12810: gcc -o conftest -g -O2   conftest.c  >&5
configure:12814: $? = 0
configure:12820: ./conftest
configure:12824: $? = 0
configure:12841: result: no
configure:12856: checking for stdlib.h
configure:12863: result: yes
configure:13002: checking for GNU libc compatible malloc
configure:13036: gcc -o conftest -g -O2   conftest.c  >&5
configure:13040: $? = 0
configure:13046: ./conftest
configure:13050: $? = 0
configure:13067: result: yes
configure:13095: checking whether lstat dereferences a symlink specified with a trailing slash
configure:13131: gcc -o conftest -g -O2   conftest.c  >&5
configure:13135: $? = 0
configure:13141: ./conftest
configure:13145: $? = 0
configure:13169: result: yes
configure:13188: checking whether stat accepts an empty string
configure:13218: gcc -o conftest -g -O2   conftest.c  >&5
configure:13222: $? = 0
configure:13228: ./conftest
configure:13232: $? = 0
configure:13249: result: no
configure:13275: checking for getcwd
configure:13331: gcc -o conftest -g -O2   conftest.c  >&5
configure:13338: $? = 0
configure:13360: result: yes
configure:13275: checking for gettimeofday
configure:13331: gcc -o conftest -g -O2   conftest.c  >&5
configure:13338: $? = 0
configure:13360: result: yes
configure:13275: checking for memset
configure:13331: gcc -o conftest -g -O2   conftest.c  >&5
conftest.c:62: warning: conflicting types for built-in function 'memset'
configure:13338: $? = 0
configure:13360: result: yes
configure:13275: checking for strcasecmp
configure:13331: gcc -o conftest -g -O2   conftest.c  >&5
conftest.c:63: warning: conflicting types for built-in function 'strcasecmp'
configure:13338: $? = 0
configure:13360: result: yes
configure:13275: checking for strchr
configure:13331: gcc -o conftest -g -O2   conftest.c  >&5
conftest.c:64: warning: conflicting types for built-in function 'strchr'
configure:13338: $? = 0
configure:13360: result: yes
configure:13275: checking for strdup
configure:13331: gcc -o conftest -g -O2   conftest.c  >&5
conftest.c:65: warning: conflicting types for built-in function 'strdup'
configure:13338: $? = 0
configure:13360: result: yes
configure:13275: checking for strerror
configure:13331: gcc -o conftest -g -O2   conftest.c  >&5
configure:13338: $? = 0
configure:13360: result: yes
configure:13513: creating ./config.status

## ---------------------- ##
## Running config.status. ##
## ---------------------- ##

This file was extended by libcnavi config.status 6.0, which was
generated by GNU Autoconf 2.63.  Invocation command line was

  CONFIG_FILES    = 
  CONFIG_HEADERS  = 
  CONFIG_LINKS    = 
  CONFIG_COMMANDS = 
  $ ./config.status 

on 10.10.69.212

config.status:1020: creating Makefile
config.status:1020: creating libcnavi.pc
config.status:1020: creating libcnavidriver.pc
config.status:1020: creating src/Makefile
config.status:1020: creating include/Makefile
config.status:1020: creating test/Makefile
config.status:1020: creating config.h
config.status:1242: config.h is unchanged
config.status:1294: executing depfiles commands
config.status:1294: executing libtool commands

## ---------------- ##
## Cache variables. ##
## ---------------- ##

ac_cv_build=x86_64-unknown-linux-gnu
ac_cv_c_compiler_gnu=yes
ac_cv_c_const=yes
ac_cv_c_inline=inline
ac_cv_env_CC_set=
ac_cv_env_CC_value=
ac_cv_env_CFLAGS_set=
ac_cv_env_CFLAGS_value=
ac_cv_env_CPPFLAGS_set=
ac_cv_env_CPPFLAGS_value=
ac_cv_env_CPP_set=
ac_cv_env_CPP_value=
ac_cv_env_LDFLAGS_set=
ac_cv_env_LDFLAGS_value=
ac_cv_env_LIBS_set=
ac_cv_env_LIBS_value=
ac_cv_env_PKG_CONFIG_set=
ac_cv_env_PKG_CONFIG_value=
ac_cv_env_build_alias_set=
ac_cv_env_build_alias_value=
ac_cv_env_host_alias_set=
ac_cv_env_host_alias_value=
ac_cv_env_jansson_CFLAGS_set=
ac_cv_env_jansson_CFLAGS_value=
ac_cv_env_jansson_LIBS_set=
ac_cv_env_jansson_LIBS_value=
ac_cv_env_libcurl_CFLAGS_set=
ac_cv_env_libcurl_CFLAGS_value=
ac_cv_env_libcurl_LIBS_set=
ac_cv_env_libcurl_LIBS_value=
ac_cv_env_target_alias_set=
ac_cv_env_target_alias_value=
ac_cv_func_closedir_void=no
ac_cv_func_getcwd=yes
ac_cv_func_gettimeofday=yes
ac_cv_func_lstat_dereferences_slashed_symlink=yes
ac_cv_func_malloc_0_nonnull=yes
ac_cv_func_memset=yes
ac_cv_func_stat_empty_string_bug=no
ac_cv_func_strcasecmp=yes
ac_cv_func_strchr=yes
ac_cv_func_strdup=yes
ac_cv_func_strerror=yes
ac_cv_header_dirent_dirent_h=yes
ac_cv_header_dlfcn_h=yes
ac_cv_header_fcntl_h=yes
ac_cv_header_inttypes_h=yes
ac_cv_header_memory_h=yes
ac_cv_header_stdbool_h=yes
ac_cv_header_stdc=yes
ac_cv_header_stdint_h=yes
ac_cv_header_stdlib_h=yes
ac_cv_header_string_h=yes
ac_cv_header_strings_h=yes
ac_cv_header_sys_stat_h=yes
ac_cv_header_sys_time_h=yes
ac_cv_header_sys_types_h=yes
ac_cv_header_syslog_h=yes
ac_cv_header_time=yes
ac_cv_header_unistd_h=yes
ac_cv_host=x86_64-unknown-linux-gnu
ac_cv_objext=o
ac_cv_path_EGREP='/bin/grep -E'
ac_cv_path_FGREP='/bin/grep -F'
ac_cv_path_GREP=/bin/grep
ac_cv_path_SED=/bin/sed
ac_cv_path_ac_pt_PKG_CONFIG=/usr/bin/pkg-config
ac_cv_path_install='/usr/bin/install -c'
ac_cv_path_mkdir=/bin/mkdir
ac_cv_prog_AWK=gawk
ac_cv_prog_CPP='gcc -E'
ac_cv_prog_ac_ct_AR=ar
ac_cv_prog_ac_ct_CC=gcc
ac_cv_prog_ac_ct_OBJDUMP=objdump
ac_cv_prog_ac_ct_RANLIB=ranlib
ac_cv_prog_ac_ct_STRIP=strip
ac_cv_prog_cc_c89=
ac_cv_prog_cc_g=yes
ac_cv_prog_cc_gcc_c_o=yes
ac_cv_prog_make_make_set=yes
ac_cv_search_opendir='none required'
ac_cv_type__Bool=yes
ac_cv_type_size_t=yes
am_cv_CC_dependencies_compiler_type=gcc3
lt_cv_deplibs_check_method=pass_all
lt_cv_file_magic_cmd='$MAGIC_CMD'
lt_cv_file_magic_test_file=
lt_cv_ld_reload_flag=-r
lt_cv_nm_interface='BSD nm'
lt_cv_objdir=.libs
lt_cv_path_LD=/usr/bin/ld
lt_cv_path_NM='/usr/bin/nm -B'
lt_cv_prog_compiler_c_o=yes
lt_cv_prog_compiler_pic_works=yes
lt_cv_prog_compiler_rtti_exceptions=no
lt_cv_prog_compiler_static_works=no
lt_cv_prog_gnu_ld=yes
lt_cv_sys_global_symbol_pipe='sed -n -e '\''s/^.*[	 ]\([ABCDGIRSTW][ABCDGIRSTW]*\)[	 ][	 ]*\([_A-Za-z][_A-Za-z0-9]*\)$/\1 \2 \2/p'\'''
lt_cv_sys_global_symbol_to_c_name_address='sed -n -e '\''s/^: \([^ ]*\) $/  {\"\1\", (void *) 0},/p'\'' -e '\''s/^[ABCDGIRSTW]* \([^ ]*\) \([^ ]*\)$/  {"\2", (void *) \&\2},/p'\'''
lt_cv_sys_global_symbol_to_c_name_address_lib_prefix='sed -n -e '\''s/^: \([^ ]*\) $/  {\"\1\", (void *) 0},/p'\'' -e '\''s/^[ABCDGIRSTW]* \([^ ]*\) \(lib[^ ]*\)$/  {"\2", (void *) \&\2},/p'\'' -e '\''s/^[ABCDGIRSTW]* \([^ ]*\) \([^ ]*\)$/  {"lib\2", (void *) \&\2},/p'\'''
lt_cv_sys_global_symbol_to_cdecl='sed -n -e '\''s/^T .* \(.*\)$/extern int \1();/p'\'' -e '\''s/^[ABCDGIRSTW]* .* \(.*\)$/extern char \1;/p'\'''
lt_cv_sys_max_cmd_len=1966080
pkg_cv_jansson_CFLAGS=' '
pkg_cv_jansson_LIBS='-ljansson  '
pkg_cv_libcurl_CFLAGS=' '
pkg_cv_libcurl_LIBS='-lcurl  '

## ----------------- ##
## Output variables. ##
## ----------------- ##

ACLOCAL='${SHELL} /opt/lilei/src/libcnavi/missing --run aclocal-1.11'
AMDEPBACKSLASH='\'
AMDEP_FALSE='#'
AMDEP_TRUE=''
AMTAR='${SHELL} /opt/lilei/src/libcnavi/missing --run tar'
AR='ar'
AUTOCONF='${SHELL} /opt/lilei/src/libcnavi/missing --run autoconf'
AUTOHEADER='${SHELL} /opt/lilei/src/libcnavi/missing --run autoheader'
AUTOMAKE='${SHELL} /opt/lilei/src/libcnavi/missing --run automake-1.11'
AWK='gawk'
BUILD_TCMALLOC_FALSE=''
BUILD_TCMALLOC_TRUE='#'
BUILD_TEST_FALSE=''
BUILD_TEST_TRUE='#'
CC='gcc'
CCDEPMODE='depmode=gcc3'
CFLAGS='-g -O2'
CPP='gcc -E'
CPPFLAGS=''
CYGPATH_W='echo'
DEFS='-DHAVE_CONFIG_H'
DEPDIR='.deps'
DSYMUTIL=''
DUMPBIN=''
ECHO_C=''
ECHO_N='-n'
ECHO_T=''
EGREP='/bin/grep -E'
EXEEXT=''
FGREP='/bin/grep -F'
GREP='/bin/grep'
INSTALL_DATA='${INSTALL} -m 644'
INSTALL_PROGRAM='${INSTALL}'
INSTALL_SCRIPT='${INSTALL}'
INSTALL_STRIP_PROGRAM='$(install_sh) -c -s'
LD='/usr/bin/ld -m elf_x86_64'
LDFLAGS=''
LIBCNAVI_VERSION='6:0:0'
LIBOBJS=''
LIBS=''
LIBTOOL='$(SHELL) $(top_builddir)/libtool'
LIPO=''
LN_S='ln -s'
LTLIBOBJS=''
MAKEINFO='${SHELL} /opt/lilei/src/libcnavi/missing --run makeinfo'
MKDIR_P='/bin/mkdir -p'
NM='/usr/bin/nm -B'
NMEDIT=''
OBJDUMP='objdump'
OBJEXT='o'
OTOOL64=''
OTOOL=''
PACKAGE='libcnavi'
PACKAGE_BUGREPORT='zhangyufeng@youku.com,pengjinzhen@youku.com,lilei@youku.com'
PACKAGE_NAME='libcnavi'
PACKAGE_STRING='libcnavi 6.0'
PACKAGE_TARNAME='libcnavi'
PACKAGE_VERSION='6.0'
PATH_SEPARATOR=':'
PKG_CONFIG='/usr/bin/pkg-config'
RANLIB='ranlib'
SED='/bin/sed'
SET_MAKE=''
SHELL='/bin/sh'
STRIP='strip'
VERSION='6.0'
ac_ct_CC='gcc'
ac_ct_DUMPBIN=''
am__EXEEXT_FALSE=''
am__EXEEXT_TRUE='#'
am__fastdepCC_FALSE='#'
am__fastdepCC_TRUE=''
am__include='include'
am__isrc=''
am__leading_dot='.'
am__quote=''
am__tar='${AMTAR} chof - "$$tardir"'
am__untar='${AMTAR} xf -'
bindir='${exec_prefix}/bin'
build='x86_64-unknown-linux-gnu'
build_alias=''
build_cpu='x86_64'
build_os='linux-gnu'
build_vendor='unknown'
datadir='${datarootdir}'
datarootdir='${prefix}/share'
docdir='${datarootdir}/doc/${PACKAGE_TARNAME}'
dvidir='${docdir}'
exec_prefix='${prefix}'
host='x86_64-unknown-linux-gnu'
host_alias=''
host_cpu='x86_64'
host_os='linux-gnu'
host_vendor='unknown'
htmldir='${docdir}'
includedir='${prefix}/include'
infodir='${datarootdir}/info'
install_sh='${SHELL} /opt/lilei/src/libcnavi/install-sh'
jansson_CFLAGS=' '
jansson_LIBS='-ljansson  '
libcurl_CFLAGS=' '
libcurl_LIBS='-lcurl  '
libdir='${exec_prefix}/lib'
libexecdir='${exec_prefix}/libexec'
localedir='${datarootdir}/locale'
localstatedir='${prefix}/var'
lt_ECHO='echo'
mandir='${datarootdir}/man'
mkdir_p='/bin/mkdir -p'
oldincludedir='/usr/include'
pdfdir='${docdir}'
prefix='/usr/local'
program_transform_name='s,x,x,'
psdir='${docdir}'
sbindir='${exec_prefix}/sbin'
sharedstatedir='${prefix}/com'
sysconfdir='${prefix}/etc'
target_alias=''

## ----------- ##
## confdefs.h. ##
## ----------- ##

#define PACKAGE_NAME "libcnavi"
#define PACKAGE_TARNAME "libcnavi"
#define PACKAGE_VERSION "6.0"
#define PACKAGE_STRING "libcnavi 6.0"
#define PACKAGE_BUGREPORT "zhangyufeng@youku.com,pengjinzhen@youku.com,lilei@youku.com"
#define PACKAGE "libcnavi"
#define VERSION "6.0"
#define STDC_HEADERS 1
#define HAVE_SYS_TYPES_H 1
#define HAVE_SYS_STAT_H 1
#define HAVE_STDLIB_H 1
#define HAVE_STRING_H 1
#define HAVE_MEMORY_H 1
#define HAVE_STRINGS_H 1
#define HAVE_INTTYPES_H 1
#define HAVE_STDINT_H 1
#define HAVE_UNISTD_H 1
#define HAVE_DLFCN_H 1
#define LT_OBJDIR ".libs/"
#define HAVE_DIRENT_H 1
#define STDC_HEADERS 1
#define HAVE_FCNTL_H 1
#define HAVE_STDINT_H 1
#define HAVE_STDLIB_H 1
#define HAVE_STRING_H 1
#define HAVE_SYS_TIME_H 1
#define HAVE_SYSLOG_H 1
#define HAVE_UNISTD_H 1
#define HAVE__BOOL 1
#define HAVE_STDBOOL_H 1
#define TIME_WITH_SYS_TIME 1
#define HAVE_STDLIB_H 1
#define HAVE_MALLOC 1
#define LSTAT_FOLLOWS_SLASHED_SYMLINK 1
#define HAVE_GETCWD 1
#define HAVE_GETTIMEOFDAY 1
#define HAVE_MEMSET 1
#define HAVE_STRCASECMP 1
#define HAVE_STRCHR 1
#define HAVE_STRDUP 1
#define HAVE_STRERROR 1

configure: exit 0
